<?xml version="1.0" encoding="UTF-8"?>
<!-- Generated by org.testng.reporters.JUnitReportReporter -->
<testsuite skipped="0" hostname="BAKORAPA-IN" name="com.saas.tests.LoginPageTest" tests="3" failures="0" timestamp="05 Sep 2021 03:28:48 GMT" time="0.663" errors="0">
  <testcase name="verifyLoginUser" time="0.257" classname="com.saas.tests.LoginPageTest"/>
  <testcase name="verifyLoginUser" time="0.280" classname="com.saas.tests.LoginPageTest"/>
  <testcase name="verifyLoginUser" time="0.126" classname="com.saas.tests.LoginPageTest"/>
</testsuite> <!-- com.saas.tests.LoginPageTest -->
