<?xml version="1.0" encoding="UTF-8"?>
<!-- Generated by org.testng.reporters.JUnitReportReporter -->
<testsuite skipped="0" hostname="BAKORAPA-IN" name="com.saas.tests.LoginPageTest" tests="3" failures="0" timestamp="04 Sep 2021 12:36:50 GMT" time="0.933" errors="0">
  <testcase name="verifyLoginUser" time="0.093" classname="com.saas.tests.LoginPageTest"/>
  <testcase name="verifyLoginUser" time="0.420" classname="com.saas.tests.LoginPageTest"/>
  <testcase name="verifyLoginUser" time="0.420" classname="com.saas.tests.LoginPageTest"/>
</testsuite> <!-- com.saas.tests.LoginPageTest -->
