<?xml version="1.0" encoding="UTF-8"?>
<!-- Generated by org.testng.reporters.JUnitReportReporter -->
<testsuite skipped="0" hostname="BAKORAPA-IN" name="com.saas.tests.LoginPageTest" tests="1" failures="0" timestamp="04 Sep 2021 11:34:35 GMT" time="0.154" errors="0">
  <testcase name="verifyLoginUser" time="0.154" classname="com.saas.tests.LoginPageTest"/>
</testsuite> <!-- com.saas.tests.LoginPageTest -->
